\BOOKMARK [0][-]{chapter.1}{\376\377\000U\000v\000o\000d}{}% 1
\BOOKMARK [1][-]{section.1.1}{\376\377\000M\000o\000t\000i\000v\000a\000c\000i\000j\000a}{chapter.1}% 2
\BOOKMARK [1][-]{section.1.2}{\376\377\000C\000i\000l\000j}{chapter.1}% 3
\BOOKMARK [0][-]{chapter.2}{\376\377\000K\000o\000r\000i\001\141\000t\000e\000n\000o\000\040\000s\000k\000l\000o\000p\000o\000v\000l\000j\000e}{}% 4
\BOOKMARK [1][-]{section.2.1}{\376\377\000R\000a\000s\000p\000b\000e\000r\000r\000y\000\040\000P\000i\000\040\0005}{chapter.2}% 5
\BOOKMARK [1][-]{section.2.2}{\376\377\000S\000I\000M\0008\0002\0000\0000\000E\000A\000-\000M\0002\000\040\0005\000G\000\040\000H\000A\000T}{chapter.2}% 6
\BOOKMARK [1][-]{section.2.3}{\376\377\000S\000I\000M\0008\0002\0000\0000\000E\000A\000-\000M\0002\000\040\000m\000o\000d\000u\000l}{chapter.2}% 7
\BOOKMARK [0][-]{chapter.3}{\376\377\000R\000a\000z\000r\000a\000d\000a}{}% 8
\BOOKMARK [1][-]{section.3.1}{\376\377\000P\000o\000k\000r\000e\000t\000l\000j\000i\000v\000o\000s\000t\000\040\000u\000\040\000m\000o\000b\000i\000l\000n\000o\000j\000\040\000m\000r\000e\001\176\000i}{chapter.3}% 9
\BOOKMARK [2][-]{subsection.3.1.1}{\376\377\000P\000o\000k\000r\000e\000t\000l\000j\000i\000v\000o\000s\000t\000\040\000t\000e\000r\000m\000i\000n\000a\000l\000a}{section.3.1}% 10
\BOOKMARK [2][-]{subsection.3.1.2}{\376\377\000P\000o\000k\000r\000e\000t\000l\000j\000i\000v\000o\000s\000t\000\040\000o\000s\000o\000b\000a}{section.3.1}% 11
\BOOKMARK [2][-]{subsection.3.1.3}{\376\377\000P\000o\000k\000r\000e\000t\000l\000j\000i\000v\000o\000s\000t\000\040\000u\000s\000l\000u\000g\000a}{section.3.1}% 12
\BOOKMARK [1][-]{section.3.2}{\376\377\000U\000p\000r\000a\000v\000l\000j\000a\000n\000j\000e\000\040\000p\000o\000k\000r\000e\000t\000l\000j\000i\000v\000o\001\141\001\007\000u}{chapter.3}% 13
\BOOKMARK [2][-]{subsection.3.2.1}{\376\377\000A\000T\000-\000N\000a\000r\000e\000d\000b\000e}{section.3.2}% 14
\BOOKMARK [1][-]{section.3.3}{\376\377\000P\000r\000i\000k\000u\000p\000l\000j\000a\000n\000j\000e\000\040\000l\000o\000k\000a\000c\000i\000j\000s\000k\000i\000h\000\040\000i\000n\000f\000o\000r\000m\000a\000c\000i\000j\000a}{chapter.3}% 15
\BOOKMARK [0][-]{chapter.4}{\376\377\000Z\000a\000k\000l\000j\000u\001\015\000a\000k}{}% 16
\BOOKMARK [0][-]{chapter*.7}{\376\377\000L\000i\000t\000e\000r\000a\000t\000u\000r\000a}{}% 17
\BOOKMARK [0][-]{chapter*.8}{\376\377\000S\000a\001\176\000e\000t\000a\000k}{}% 18
\BOOKMARK [0][-]{chapter*.9}{\376\377\000A\000b\000s\000t\000r\000a\000c\000t}{}% 19
\BOOKMARK [0][-]{chapter.1}{\376\377\000T\000h\000e\000\040\000C\000o\000d\000e}{}% 20
